<?xml version="1.0" encoding="UTF-8"?>
<!-- Generated by org.testng.reporters.JUnitReportReporter -->
<testsuite hostname="LAPTOP-HD51C1DC" failures="0" tests="28" name="org.ictkerala.testcases.OrangeTestCases" time="225.949" errors="0" timestamp="2025-07-05T17:37:47 IST" skipped="0">
  <testcase classname="org.ictkerala.testcases.OrangeTestCases" name="loginandnavigationtoPIM" time="3.005"/>
  <testcase classname="org.ictkerala.testcases.OrangeTestCases" name="searchemployeebyname" time="4.588"/>
  <testcase classname="org.ictkerala.testcases.OrangeTestCases" name="searchemployeebyId" time="4.164"/>
  <testcase classname="org.ictkerala.testcases.OrangeTestCases" name="searchemployeebystatus" time="6.505"/>
  <testcase classname="org.ictkerala.testcases.OrangeTestCases" name="searchbyincludes" time="6.452"/>
  <testcase classname="org.ictkerala.testcases.OrangeTestCases" name="searchbyjobtitle" time="6.159"/>
  <testcase classname="org.ictkerala.testcases.OrangeTestCases" name="viewemployeedetailsfromlist" time="9.260"/>
  <testcase classname="org.ictkerala.testcases.OrangeTestCases" name="searchwithblankfields" time="5.915"/>
  <testcase classname="org.ictkerala.testcases.OrangeTestCases" name="Resetallfilters" time="6.089"/>
  <testcase classname="org.ictkerala.testcases.OrangeTestCases" name="searchwithinvaliddata" time="7.411"/>
  <testcase classname="org.ictkerala.testcases.OrangeTestCases" name="searchusingspecialcharacter" time="7.006"/>
  <testcase classname="org.ictkerala.testcases.OrangeTestCases" name="deletenamefromlist" time="8.626"/>
  <testcase classname="org.ictkerala.testcases.OrangeTestCases" name="addnewemployee" time="8.814"/>
  <testcase classname="org.ictkerala.testcases.OrangeTestCases" name="addemployeewithonlyfirstname" time="8.129"/>
  <testcase classname="org.ictkerala.testcases.OrangeTestCases" name="addemployeewithexistingID" time="8.247"/>
  <testcase classname="org.ictkerala.testcases.OrangeTestCases" name="canceladdemployeeprocess" time="8.776"/>
  <testcase classname="org.ictkerala.testcases.OrangeTestCases" name="eneterlogincredential" time="9.306"/>
  <testcase classname="org.ictkerala.testcases.OrangeTestCases" name="loginwithmismatchedpassword" time="8.934"/>
  <testcase classname="org.ictkerala.testcases.OrangeTestCases" name="verifynewemployeepage" time="10.154"/>
  <testcase classname="org.ictkerala.testcases.OrangeTestCases" name="verifyaddedemployeeinlistafterlogoutlogin" time="6.714"/>
  <testcase classname="org.ictkerala.testcases.OrangeTestCases" name="verifyReportlist" time="13.041"/>
  <testcase classname="org.ictkerala.testcases.OrangeTestCases" name="Searchreport" time="9.000"/>
  <testcase classname="org.ictkerala.testcases.OrangeTestCases" name="AddReport" time="10.007"/>
  <testcase classname="org.ictkerala.testcases.OrangeTestCases" name="addreportwithexistingname" time="10.142"/>
  <testcase classname="org.ictkerala.testcases.OrangeTestCases" name="deletereport" time="8.287"/>
  <testcase classname="org.ictkerala.testcases.OrangeTestCases" name="editreport" time="9.883"/>
  <testcase classname="org.ictkerala.testcases.OrangeTestCases" name="canceladdreport" time="10.951"/>
  <testcase classname="org.ictkerala.testcases.OrangeTestCases" name="addreportwithmissingfield" time="10.384"/>
</testsuite> <!-- org.ictkerala.testcases.OrangeTestCases -->
